[debug] [2020-10-04T19:15:25.615Z] ----------------------------------------------------------------------
[debug] [2020-10-04T19:15:25.618Z] Command:       C:\Program Files\nodejs\node.exe C:\Users\Oska\AppData\Local\Yarn\Data\global\node_modules\firebase-tools\lib\bin\firebase.js init
[debug] [2020-10-04T19:15:25.618Z] CLI Version:   8.10.0
[debug] [2020-10-04T19:15:25.618Z] Platform:      win32
[debug] [2020-10-04T19:15:25.619Z] Node Version:  v12.18.2
[debug] [2020-10-04T19:15:25.620Z] Time:          Sun Oct 04 2020 22:15:25 GMT+0300 (Eastern European Summer Time)
[debug] [2020-10-04T19:15:25.620Z] ----------------------------------------------------------------------
[debug] [2020-10-04T19:15:25.620Z] 
[debug] [2020-10-04T19:15:25.626Z] > command requires scopes: ["email","openid","https://www.googleapis.com/auth/cloudplatformprojects.readonly","https://www.googleapis.com/auth/firebase","https://www.googleapis.com/auth/cloud-platform"]
[debug] [2020-10-04T19:15:25.627Z] > authorizing via signed-in user
[info] 
     ######## #### ########  ######## ########     ###     ######  ########
     ##        ##  ##     ## ##       ##     ##  ##   ##  ##       ##
     ######    ##  ########  ######   ########  #########  ######  ######
     ##        ##  ##    ##  ##       ##     ## ##     ##       ## ##
     ##       #### ##     ## ######## ########  ##     ##  ######  ########

You're about to initialize a Firebase project in this directory:

  D:\Downloads\Webs\prisitraukimukai\front-end

Before we get started, keep in mind:

  * You are initializing in an existing Firebase project directory

[info] 
=== Project Setup
[info] 
[info] First, let's associate this project directory with a Firebase project.
[info] You can create multiple project aliases by running firebase use --add, 
[info] but for now we'll just set up a default project.
[info] 
[info] i  .firebaserc already has a default project, using pullups-c8c5f. 
[debug] [2020-10-04T19:15:33.414Z] >>> HTTP REQUEST GET https://firebase.googleapis.com/v1beta1/projects/pullups-c8c5f  
 
[debug] [2020-10-04T19:15:33.818Z] <<< HTTP RESPONSE 200 {"content-type":"application/json; charset=UTF-8","vary":"X-Origin, Referer, Origin,Accept-Encoding","date":"Sun, 04 Oct 2020 19:15:34 GMT","server":"ESF","cache-control":"private","x-xss-protection":"0","x-frame-options":"SAMEORIGIN","x-content-type-options":"nosniff","alt-svc":"h3-Q050=\":443\"; ma=2592000,h3-29=\":443\"; ma=2592000,h3-27=\":443\"; ma=2592000,h3-T051=\":443\"; ma=2592000,h3-T050=\":443\"; ma=2592000,h3-Q046=\":443\"; ma=2592000,h3-Q043=\":443\"; ma=2592000,quic=\":443\"; ma=2592000; v=\"46,43\"","accept-ranges":"none","transfer-encoding":"chunked"}
[info] 
=== Database Setup
[info] 
[info] Firebase Realtime Database Rules allow you to define how your data should be
[info] structured and when your data can be read from and written to.
[info] 
[debug] [2020-10-04T19:15:37.292Z] Error: EISDIR: illegal operation on a directory, open 'D:\Downloads\Webs\prisitraukimukai\front-end'
    at Object.openSync (fs.js:458:3)
    at Object.writeFileSync (fs.js:1355:35)
    at Config.writeProjectFile (C:\Users\Oska\AppData\Local\Yarn\Data\global\node_modules\firebase-tools\lib\config.js:155:8)
    at C:\Users\Oska\AppData\Local\Yarn\Data\global\node_modules\firebase-tools\lib\init\features\database.js:25:23
    at processTicksAndRejections (internal/process/task_queues.js:97:5)
[error] 
[error] Error: An unexpected error has occurred.
